INFO:root:[ INITIALISATION : APP for Back office 2022-11-13_17_39 ]
INFO:root:Start make layout of page_jeux
INFO:root:Start make layout of Page_profil
INFO:root:Start make layout of Page_profil
INFO:root:Start make layout of Page_connection
INFO:root:Start make layout of Page_inscription
INFO:root:Start make layout of Page_connection
INFO:root:Start make layout of Page_inscription
INFO:root:Start make layout of page_jeux
INFO:root:Start make layout of page_suggestion
INFO:root:Start make layout of page_list
INFO:root:Start make layout of Page_inscription
INFO:root:Start make layout of Page_inscription
INFO:root:Start make layout of page_jeux
INFO:app:Dash is running on http://127.0.0.1:8050/

INFO:root:[ INITIALISATION : APP for Back office 2022-11-13_17_39 ]
INFO:root:Start make layout of page_jeux
INFO:root:Start make layout of Page_profil
INFO:root:Start make layout of Page_profil
INFO:root:Start make layout of Page_connection
INFO:root:Start make layout of Page_inscription
INFO:root:Start make layout of Page_connection
INFO:root:Start make layout of Page_inscription
INFO:root:Start make layout of page_jeux
INFO:root:Start make layout of page_suggestion
INFO:root:Start make layout of page_list
INFO:root:Start make layout of Page_inscription
INFO:root:Start make layout of Page_inscription
INFO:root:Start make layout of page_jeux
