INFO:root:[ INITIALISATION : APP for Back office 2022-11-13_16_57 ]
INFO:root:[ INITIALISATION : APP for Back office 2022-11-13_16_57 ]
INFO:root:Start make layout of page_jeux
INFO:root:Start make layout of Page_profil
INFO:root:Start make layout of Page_profil
INFO:root:Start make layout of Page_connection
INFO:root:Start make layout of Page_inscription
INFO:root:Start make layout of Page_connection
INFO:root:Start make layout of Page_inscription
INFO:root:Start make layout of page_jeux
ERROR:root:in get_layout  page_jeux : [Errno 2] No such file or directory: './front/app9assets/jeux/image/le-seigneur-des-anneaux-jce-saga-la-communaute-de-l-anneau.webp'
Traceback (most recent call last):
  File "e:\matth\Documents\Cours\Wild_code_school\Data_Scientist\side-project\boardgame\front\app\pages\page_jeux.py", line 28, in get_layout
    layout.extend((self.layout_for_display_board(), self.layout_for_filter_board()))
  File "e:\matth\Documents\Cours\Wild_code_school\Data_Scientist\side-project\boardgame\front\app\pages\page_jeux.py", line 114, in layout_for_display_board
    children=[    self.htmlcreate.get_card_of_boardgame(i,play[0],play[1],self.conf.list_mesure) for i,play in enumerate(self.conf.list_demo_jeux)]
  File "e:\matth\Documents\Cours\Wild_code_school\Data_Scientist\side-project\boardgame\front\app\pages\page_jeux.py", line 114, in <listcomp>
    children=[    self.htmlcreate.get_card_of_boardgame(i,play[0],play[1],self.conf.list_mesure) for i,play in enumerate(self.conf.list_demo_jeux)]
  File "e:\matth\Documents\Cours\Wild_code_school\Data_Scientist\side-project\boardgame\front\app\resources\htmlCreate.py", line 197, in get_card_of_boardgame
    src=self.get_img_encore_for_src(img),
  File "e:\matth\Documents\Cours\Wild_code_school\Data_Scientist\side-project\boardgame\front\app\resources\htmlCreate.py", line 63, in get_img_encore_for_src
    encode_image = base64.b64encode(open(path,'rb').read())
FileNotFoundError: [Errno 2] No such file or directory: './front/app9assets/jeux/image/le-seigneur-des-anneaux-jce-saga-la-communaute-de-l-anneau.webp'
INFO:root:Start make layout of page_suggestion
INFO:root:Start make layout of page_list
ERROR:root:in get_layout  page_list : [Errno 2] No such file or directory: './front/app9assets/jeux/image/le-seigneur-des-anneaux-jce-saga-la-communaute-de-l-anneau.webp'
Traceback (most recent call last):
  File "e:\matth\Documents\Cours\Wild_code_school\Data_Scientist\side-project\boardgame\front\app\pages\page_list.py", line 29, in get_layout
    layout.append(self.layout_for_display_board())
  File "e:\matth\Documents\Cours\Wild_code_school\Data_Scientist\side-project\boardgame\front\app\pages\page_list.py", line 179, in layout_for_display_board
    children=[    self.htmlcreate.get_card_of_boardgame(i,play[0],play[1],self.conf.list_mesure) for i,play in enumerate(self.conf.list_demo_jeux)]
  File "e:\matth\Documents\Cours\Wild_code_school\Data_Scientist\side-project\boardgame\front\app\pages\page_list.py", line 179, in <listcomp>
    children=[    self.htmlcreate.get_card_of_boardgame(i,play[0],play[1],self.conf.list_mesure) for i,play in enumerate(self.conf.list_demo_jeux)]
  File "e:\matth\Documents\Cours\Wild_code_school\Data_Scientist\side-project\boardgame\front\app\resources\htmlCreate.py", line 197, in get_card_of_boardgame
    src=self.get_img_encore_for_src(img),
  File "e:\matth\Documents\Cours\Wild_code_school\Data_Scientist\side-project\boardgame\front\app\resources\htmlCreate.py", line 63, in get_img_encore_for_src
    encode_image = base64.b64encode(open(path,'rb').read())
FileNotFoundError: [Errno 2] No such file or directory: './front/app9assets/jeux/image/le-seigneur-des-anneaux-jce-saga-la-communaute-de-l-anneau.webp'
INFO:root:Start make layout of Page_inscription
INFO:root:Start make layout of Page_inscription
INFO:root:Start make layout of page_jeux
INFO:app:Dash is running on http://127.0.0.1:8050/

INFO:root:[ INITIALISATION : APP for Back office 2022-11-13_16_57 ]
INFO:root:Start make layout of page_jeux
INFO:root:Start make layout of Page_profil
INFO:root:Start make layout of Page_profil
INFO:root:Start make layout of Page_connection
INFO:root:Start make layout of Page_inscription
INFO:root:Start make layout of Page_connection
INFO:root:Start make layout of Page_inscription
INFO:root:Start make layout of page_jeux
ERROR:root:in get_layout  page_jeux : [Errno 2] No such file or directory: './front/app9assets/jeux/image/le-seigneur-des-anneaux-jce-saga-la-communaute-de-l-anneau.webp'
Traceback (most recent call last):
  File "e:\matth\Documents\Cours\Wild_code_school\Data_Scientist\side-project\boardgame\front\app\pages\page_jeux.py", line 28, in get_layout
    layout.extend((self.layout_for_display_board(), self.layout_for_filter_board()))
  File "e:\matth\Documents\Cours\Wild_code_school\Data_Scientist\side-project\boardgame\front\app\pages\page_jeux.py", line 114, in layout_for_display_board
    children=[    self.htmlcreate.get_card_of_boardgame(i,play[0],play[1],self.conf.list_mesure) for i,play in enumerate(self.conf.list_demo_jeux)]
  File "e:\matth\Documents\Cours\Wild_code_school\Data_Scientist\side-project\boardgame\front\app\pages\page_jeux.py", line 114, in <listcomp>
    children=[    self.htmlcreate.get_card_of_boardgame(i,play[0],play[1],self.conf.list_mesure) for i,play in enumerate(self.conf.list_demo_jeux)]
  File "e:\matth\Documents\Cours\Wild_code_school\Data_Scientist\side-project\boardgame\front\app\resources\htmlCreate.py", line 197, in get_card_of_boardgame
    src=self.get_img_encore_for_src(img),
  File "e:\matth\Documents\Cours\Wild_code_school\Data_Scientist\side-project\boardgame\front\app\resources\htmlCreate.py", line 63, in get_img_encore_for_src
    encode_image = base64.b64encode(open(path,'rb').read())
FileNotFoundError: [Errno 2] No such file or directory: './front/app9assets/jeux/image/le-seigneur-des-anneaux-jce-saga-la-communaute-de-l-anneau.webp'
INFO:root:Start make layout of page_suggestion
INFO:root:Start make layout of page_list
ERROR:root:in get_layout  page_list : [Errno 2] No such file or directory: './front/app9assets/jeux/image/le-seigneur-des-anneaux-jce-saga-la-communaute-de-l-anneau.webp'
Traceback (most recent call last):
  File "e:\matth\Documents\Cours\Wild_code_school\Data_Scientist\side-project\boardgame\front\app\pages\page_list.py", line 29, in get_layout
    layout.append(self.layout_for_display_board())
  File "e:\matth\Documents\Cours\Wild_code_school\Data_Scientist\side-project\boardgame\front\app\pages\page_list.py", line 179, in layout_for_display_board
    children=[    self.htmlcreate.get_card_of_boardgame(i,play[0],play[1],self.conf.list_mesure) for i,play in enumerate(self.conf.list_demo_jeux)]
  File "e:\matth\Documents\Cours\Wild_code_school\Data_Scientist\side-project\boardgame\front\app\pages\page_list.py", line 179, in <listcomp>
    children=[    self.htmlcreate.get_card_of_boardgame(i,play[0],play[1],self.conf.list_mesure) for i,play in enumerate(self.conf.list_demo_jeux)]
  File "e:\matth\Documents\Cours\Wild_code_school\Data_Scientist\side-project\boardgame\front\app\resources\htmlCreate.py", line 197, in get_card_of_boardgame
    src=self.get_img_encore_for_src(img),
  File "e:\matth\Documents\Cours\Wild_code_school\Data_Scientist\side-project\boardgame\front\app\resources\htmlCreate.py", line 63, in get_img_encore_for_src
    encode_image = base64.b64encode(open(path,'rb').read())
FileNotFoundError: [Errno 2] No such file or directory: './front/app9assets/jeux/image/le-seigneur-des-anneaux-jce-saga-la-communaute-de-l-anneau.webp'
INFO:root:Start make layout of Page_inscription
INFO:root:Start make layout of Page_inscription
INFO:root:Start make layout of page_jeux
